<?xml version="1.0" encoding="UTF-8"?>
<testsuite name="com.example.demo.controller.PostsControllerTest" tests="1" skipped="0" failures="0" errors="0" timestamp="2023-01-19T11:23:27" hostname="DESKTOP-TQJBI2N" time="0.901">
  <properties/>
  <testcase name="RemoveLike" classname="com.example.demo.controller.PostsControllerTest" time="0.901"/>
  <system-out><![CDATA[20:23:18.195 [Test worker] DEBUG org.springframework.test.context.BootstrapUtils - Instantiating CacheAwareContextLoaderDelegate from class [org.springframework.test.context.cache.DefaultCacheAwareContextLoaderDelegate]
20:23:18.212 [Test worker] DEBUG org.springframework.test.context.BootstrapUtils - Instantiating BootstrapContext using constructor [public org.springframework.test.context.support.DefaultBootstrapContext(java.lang.Class,org.springframework.test.context.CacheAwareContextLoaderDelegate)]
20:23:18.263 [Test worker] DEBUG org.springframework.test.context.BootstrapUtils - Instantiating TestContextBootstrapper for test class [com.example.demo.controller.PostsControllerTest] from class [org.springframework.boot.test.context.SpringBootTestContextBootstrapper]
20:23:18.282 [Test worker] INFO org.springframework.boot.test.context.SpringBootTestContextBootstrapper - Neither @ContextConfiguration nor @ContextHierarchy found for test class [com.example.demo.controller.PostsControllerTest], using SpringBootContextLoader
20:23:18.289 [Test worker] DEBUG org.springframework.test.context.support.AbstractContextLoader - Did not detect default resource location for test class [com.example.demo.controller.PostsControllerTest]: class path resource [com/example/demo/controller/PostsControllerTest-context.xml] does not exist
20:23:18.289 [Test worker] DEBUG org.springframework.test.context.support.AbstractContextLoader - Did not detect default resource location for test class [com.example.demo.controller.PostsControllerTest]: class path resource [com/example/demo/controller/PostsControllerTestContext.groovy] does not exist
20:23:18.290 [Test worker] INFO org.springframework.test.context.support.AbstractContextLoader - Could not detect default resource locations for test class [com.example.demo.controller.PostsControllerTest]: no resource found for suffixes {-context.xml, Context.groovy}.
20:23:18.291 [Test worker] INFO org.springframework.test.context.support.AnnotationConfigContextLoaderUtils - Could not detect default configuration classes for test class [com.example.demo.controller.PostsControllerTest]: PostsControllerTest does not declare any static, non-private, non-final, nested classes annotated with @Configuration.
20:23:18.356 [Test worker] DEBUG org.springframework.test.context.support.ActiveProfilesUtils - Could not find an 'annotation declaring class' for annotation type [org.springframework.test.context.ActiveProfiles] and class [com.example.demo.controller.PostsControllerTest]
20:23:18.517 [Test worker] DEBUG org.springframework.context.annotation.ClassPathScanningCandidateComponentProvider - Identified candidate component class: file [C:\Users\home\42gg_end\build\classes\java\main\com\example\demo\DemoApplication.class]
20:23:18.518 [Test worker] INFO org.springframework.boot.test.context.SpringBootTestContextBootstrapper - Found @SpringBootConfiguration com.example.demo.DemoApplication for test class com.example.demo.controller.PostsControllerTest
20:23:18.677 [Test worker] DEBUG org.springframework.boot.test.context.SpringBootTestContextBootstrapper - @TestExecutionListeners is not present for class [com.example.demo.controller.PostsControllerTest]: using defaults.
20:23:18.678 [Test worker] INFO org.springframework.boot.test.context.SpringBootTestContextBootstrapper - Loaded default TestExecutionListener class names from location [META-INF/spring.factories]: [org.springframework.boot.test.autoconfigure.restdocs.RestDocsTestExecutionListener, org.springframework.boot.test.autoconfigure.web.client.MockRestServiceServerResetTestExecutionListener, org.springframework.boot.test.autoconfigure.web.servlet.MockMvcPrintOnlyOnFailureTestExecutionListener, org.springframework.boot.test.autoconfigure.web.servlet.WebDriverTestExecutionListener, org.springframework.boot.test.autoconfigure.webservices.client.MockWebServiceServerTestExecutionListener, org.springframework.boot.test.mock.mockito.MockitoTestExecutionListener, org.springframework.boot.test.mock.mockito.ResetMocksTestExecutionListener, org.springframework.test.context.web.ServletTestExecutionListener, org.springframework.test.context.support.DirtiesContextBeforeModesTestExecutionListener, org.springframework.test.context.event.ApplicationEventsTestExecutionListener, org.springframework.test.context.support.DependencyInjectionTestExecutionListener, org.springframework.test.context.support.DirtiesContextTestExecutionListener, org.springframework.test.context.transaction.TransactionalTestExecutionListener, org.springframework.test.context.jdbc.SqlScriptsTestExecutionListener, org.springframework.test.context.event.EventPublishingTestExecutionListener]
20:23:18.702 [Test worker] INFO org.springframework.boot.test.context.SpringBootTestContextBootstrapper - Using TestExecutionListeners: [org.springframework.test.context.web.ServletTestExecutionListener@49ef32e0, org.springframework.test.context.support.DirtiesContextBeforeModesTestExecutionListener@271f18d3, org.springframework.test.context.event.ApplicationEventsTestExecutionListener@6bd51ed8, org.springframework.boot.test.mock.mockito.MockitoTestExecutionListener@61e3a1fd, org.springframework.boot.test.autoconfigure.SpringBootDependencyInjectionTestExecutionListener@51abf713, org.springframework.test.context.support.DirtiesContextTestExecutionListener@eadb475, org.springframework.test.context.transaction.TransactionalTestExecutionListener@4d4d48a6, org.springframework.test.context.jdbc.SqlScriptsTestExecutionListener@315df4bb, org.springframework.test.context.event.EventPublishingTestExecutionListener@3fc08eec, org.springframework.boot.test.autoconfigure.restdocs.RestDocsTestExecutionListener@5cad8b7d, org.springframework.boot.test.autoconfigure.web.client.MockRestServiceServerResetTestExecutionListener@7b02e036, org.springframework.boot.test.autoconfigure.web.servlet.MockMvcPrintOnlyOnFailureTestExecutionListener@25243bc1, org.springframework.boot.test.autoconfigure.web.servlet.WebDriverTestExecutionListener@1e287667, org.springframework.boot.test.autoconfigure.webservices.client.MockWebServiceServerTestExecutionListener@2e6ee0bc, org.springframework.boot.test.mock.mockito.ResetMocksTestExecutionListener@4201a617]
20:23:18.708 [Test worker] DEBUG org.springframework.test.context.support.AbstractDirtiesContextTestExecutionListener - Before test class: context [DefaultTestContext@54336c81 testClass = PostsControllerTest, testInstance = [null], testMethod = [null], testException = [null], mergedContextConfiguration = [WebMergedContextConfiguration@1556f2dd testClass = PostsControllerTest, locations = '{}', classes = '{class com.example.demo.DemoApplication}', contextInitializerClasses = '[]', activeProfiles = '{}', propertySourceLocations = '{}', propertySourceProperties = '{org.springframework.boot.test.context.SpringBootTestContextBootstrapper=true, server.port=0}', contextCustomizers = set[org.springframework.boot.test.autoconfigure.actuate.metrics.MetricsExportContextCustomizerFactory$DisableMetricExportContextCustomizer@5f031ebd, org.springframework.boot.test.autoconfigure.properties.PropertyMappingContextCustomizer@0, org.springframework.boot.test.autoconfigure.web.servlet.WebDriverContextCustomizerFactory$Customizer@75c9e76b, org.springframework.boot.test.context.filter.ExcludeFilterContextCustomizer@37b70343, org.springframework.boot.test.json.DuplicateJsonObjectContextCustomizerFactory$DuplicateJsonObjectContextCustomizer@354fc8f0, org.springframework.boot.test.mock.mockito.MockitoContextCustomizer@0, org.springframework.boot.test.web.client.TestRestTemplateContextCustomizer@79da1ec0, org.springframework.boot.test.context.SpringBootTestArgs@1, org.springframework.boot.test.context.SpringBootTestWebEnvironment@27912e3], resourceBasePath = 'src/main/webapp', contextLoader = 'org.springframework.boot.test.context.SpringBootContextLoader', parent = [null]], attributes = map['org.springframework.test.context.web.ServletTestExecutionListener.activateListener' -> false]], class annotated with @DirtiesContext [false] with mode [null].
20:23:18.722 [Test worker] DEBUG org.springframework.test.context.support.DependencyInjectionTestExecutionListener - Performing dependency injection for test context [[DefaultTestContext@54336c81 testClass = PostsControllerTest, testInstance = com.example.demo.controller.PostsControllerTest@4a8b5227, testMethod = [null], testException = [null], mergedContextConfiguration = [WebMergedContextConfiguration@1556f2dd testClass = PostsControllerTest, locations = '{}', classes = '{class com.example.demo.DemoApplication}', contextInitializerClasses = '[]', activeProfiles = '{}', propertySourceLocations = '{}', propertySourceProperties = '{org.springframework.boot.test.context.SpringBootTestContextBootstrapper=true, server.port=0}', contextCustomizers = set[org.springframework.boot.test.autoconfigure.actuate.metrics.MetricsExportContextCustomizerFactory$DisableMetricExportContextCustomizer@5f031ebd, org.springframework.boot.test.autoconfigure.properties.PropertyMappingContextCustomizer@0, org.springframework.boot.test.autoconfigure.web.servlet.WebDriverContextCustomizerFactory$Customizer@75c9e76b, org.springframework.boot.test.context.filter.ExcludeFilterContextCustomizer@37b70343, org.springframework.boot.test.json.DuplicateJsonObjectContextCustomizerFactory$DuplicateJsonObjectContextCustomizer@354fc8f0, org.springframework.boot.test.mock.mockito.MockitoContextCustomizer@0, org.springframework.boot.test.web.client.TestRestTemplateContextCustomizer@79da1ec0, org.springframework.boot.test.context.SpringBootTestArgs@1, org.springframework.boot.test.context.SpringBootTestWebEnvironment@27912e3], resourceBasePath = 'src/main/webapp', contextLoader = 'org.springframework.boot.test.context.SpringBootContextLoader', parent = [null]], attributes = map['org.springframework.test.context.web.ServletTestExecutionListener.activateListener' -> false, 'org.springframework.test.context.event.ApplicationEventsTestExecutionListener.recordApplicationEvents' -> false]]].

  .   ____          _            __ _ _
 /\\ / ___'_ __ _ _(_)_ __  __ _ \ \ \ \
( ( )\___ | '_ | '_| | '_ \/ _` | \ \ \ \
 \\/  ___)| |_)| | | | | || (_| |  ) ) ) )
  '  |____| .__|_| |_|_| |_\__, | / / / /
 =========|_|==============|___/=/_/_/_/
 :: Spring Boot ::                (v2.7.1)

2023-01-19 20:23:19.535  INFO 17576 --- [    Test worker] c.e.demo.controller.PostsControllerTest  : Starting PostsControllerTest using Java 11.0.11 on DESKTOP-TQJBI2N with PID 17576 (started by home in C:\Users\home\42gg_end)
2023-01-19 20:23:19.538  INFO 17576 --- [    Test worker] c.e.demo.controller.PostsControllerTest  : No active profile set, falling back to 1 default profile: "default"
2023-01-19 20:23:21.322  INFO 17576 --- [    Test worker] .s.d.r.c.RepositoryConfigurationDelegate : Bootstrapping Spring Data JPA repositories in DEFAULT mode.
2023-01-19 20:23:21.457  INFO 17576 --- [    Test worker] .s.d.r.c.RepositoryConfigurationDelegate : Finished Spring Data repository scanning in 112 ms. Found 1 JPA repository interfaces.
2023-01-19 20:23:22.566  INFO 17576 --- [    Test worker] o.s.b.w.embedded.tomcat.TomcatWebServer  : Tomcat initialized with port(s): 0 (http)
2023-01-19 20:23:22.585  INFO 17576 --- [    Test worker] o.apache.catalina.core.StandardService   : Starting service [Tomcat]
2023-01-19 20:23:22.586  INFO 17576 --- [    Test worker] org.apache.catalina.core.StandardEngine  : Starting Servlet engine: [Apache Tomcat/9.0.64]
2023-01-19 20:23:22.863  INFO 17576 --- [    Test worker] o.a.c.c.C.[Tomcat].[localhost].[/]       : Initializing Spring embedded WebApplicationContext
2023-01-19 20:23:22.863  INFO 17576 --- [    Test worker] w.s.c.ServletWebServerApplicationContext : Root WebApplicationContext: initialization completed in 3265 ms
2023-01-19 20:23:23.407  INFO 17576 --- [    Test worker] o.hibernate.jpa.internal.util.LogHelper  : HHH000204: Processing PersistenceUnitInfo [name: default]
2023-01-19 20:23:23.529  INFO 17576 --- [    Test worker] org.hibernate.Version                    : HHH000412: Hibernate ORM core version 5.6.9.Final
2023-01-19 20:23:23.853  INFO 17576 --- [    Test worker] o.hibernate.annotations.common.Version   : HCANN000001: Hibernate Commons Annotations {5.1.2.Final}
2023-01-19 20:23:24.077  INFO 17576 --- [    Test worker] com.zaxxer.hikari.HikariDataSource       : HikariPool-1 - Starting...
2023-01-19 20:23:24.543  INFO 17576 --- [    Test worker] com.zaxxer.hikari.HikariDataSource       : HikariPool-1 - Start completed.
2023-01-19 20:23:24.619  INFO 17576 --- [    Test worker] org.hibernate.dialect.Dialect            : HHH000400: Using dialect: org.hibernate.dialect.MySQL8Dialect
2023-01-19 20:23:25.741  INFO 17576 --- [    Test worker] o.h.e.t.j.p.i.JtaPlatformInitiator       : HHH000490: Using JtaPlatform implementation: [org.hibernate.engine.transaction.jta.platform.internal.NoJtaPlatform]
2023-01-19 20:23:25.755  INFO 17576 --- [    Test worker] j.LocalContainerEntityManagerFactoryBean : Initialized JPA EntityManagerFactory for persistence unit 'default'
2023-01-19 20:23:26.686  WARN 17576 --- [    Test worker] JpaBaseConfiguration$JpaWebConfiguration : spring.jpa.open-in-view is enabled by default. Therefore, database queries may be performed during view rendering. Explicitly configure spring.jpa.open-in-view to disable this warning
2023-01-19 20:23:27.855  INFO 17576 --- [    Test worker] o.s.b.w.embedded.tomcat.TomcatWebServer  : Tomcat started on port(s): 1788 (http) with context path ''
2023-01-19 20:23:27.867  INFO 17576 --- [    Test worker] c.e.demo.controller.PostsControllerTest  : Started PostsControllerTest in 9.108 seconds (JVM running for 12.126)
Hibernate: 
    insert 
    into
        posts
        (created_date, modified_date, author, content, likecount, title) 
    values
        (?, ?, ?, ?, ?, ?)
Hibernate: 
    select
        posts0_.id as id1_0_,
        posts0_.created_date as created_2_0_,
        posts0_.modified_date as modified3_0_,
        posts0_.author as author4_0_,
        posts0_.content as content5_0_,
        posts0_.likecount as likecoun6_0_,
        posts0_.title as title7_0_,
        posts0_.viewcount as viewcoun8_0_ 
    from
        posts posts0_
2023-01-19 20:23:28.526  INFO 17576 --- [o-auto-1-exec-1] o.a.c.c.C.[Tomcat].[localhost].[/]       : Initializing Spring DispatcherServlet 'dispatcherServlet'
2023-01-19 20:23:28.527  INFO 17576 --- [o-auto-1-exec-1] o.s.web.servlet.DispatcherServlet        : Initializing Servlet 'dispatcherServlet'
2023-01-19 20:23:28.528  INFO 17576 --- [o-auto-1-exec-1] o.s.web.servlet.DispatcherServlet        : Completed initialization in 1 ms
Hibernate: 
    select
        posts0_.id as id1_0_0_,
        posts0_.created_date as created_2_0_0_,
        posts0_.modified_date as modified3_0_0_,
        posts0_.author as author4_0_0_,
        posts0_.content as content5_0_0_,
        posts0_.likecount as likecoun6_0_0_,
        posts0_.title as title7_0_0_,
        posts0_.viewcount as viewcoun8_0_0_ 
    from
        posts posts0_ 
    where
        posts0_.id=?
Hibernate: 
    update
        posts 
    set
        created_date=?,
        modified_date=?,
        author=?,
        content=?,
        likecount=?,
        title=?,
        viewcount=? 
    where
        id=?
Hibernate: 
    select
        posts0_.id as id1_0_,
        posts0_.created_date as created_2_0_,
        posts0_.modified_date as modified3_0_,
        posts0_.author as author4_0_,
        posts0_.content as content5_0_,
        posts0_.likecount as likecoun6_0_,
        posts0_.title as title7_0_,
        posts0_.viewcount as viewcoun8_0_ 
    from
        posts posts0_
Hibernate: 
    delete 
    from
        posts 
    where
        id=?
]]></system-out>
  <system-err><![CDATA[]]></system-err>
</testsuite>
